ASSERTION	AAEDAAECAwAAAAAAAIizQA==
ASSERTION	AAECAAMDAAAAAAAAABRA
ASSERTION	AAECAAIEAAAAAAAAgFZA
RUN	simulations.GetServerTimeSimulation	getservertimesimulation	1653722030310	 	3.6.1
USER	Get Server Time Scenario	START	1653722031358
REQUEST		Get Server Time	1653722031405	1653722031817	OK	 
REQUEST		Get System Status	1653722031964	1653722032224	OK	 
REQUEST		Get Assets Info	1653722032248	1653722032531	OK	 
REQUEST		Get Tradable Asset Pairs	1653722032545	1653722032870	OK	 
REQUEST		Get Tradable Asset Pairs	1653722034096	1653722034127	OK	 
REQUEST		Get Tradable Asset Pairs	1653722035129	1653722035421	OK	 
REQUEST		Get Tradable Asset Pairs	1653722036505	1653722036754	OK	 
REQUEST		Get Tradable Asset Pairs	1653722037841	1653722037869	OK	 
REQUEST		Get Tradable Asset Pairs	1653722038871	1653722039102	OK	 
REQUEST		Get Tradable Asset Pairs	1653722040188	1653722040216	OK	 
REQUEST		Get Tradable Asset Pairs	1653722041218	1653722041467	OK	 
REQUEST		Get Tradable Asset Pairs	1653722042552	1653722042788	OK	 
REQUEST		Get Tradable Asset Pairs	1653722043884	1653722043914	OK	 
REQUEST		Get Tradable Asset Pairs	1653722044915	1653722045243	OK	 
REQUEST		Get Tradable Asset Pairs	1653722046299	1653722046326	OK	 
REQUEST		Get Tradable Asset Pairs	1653722047328	1653722047368	OK	 
REQUEST		Get Tradable Asset Pairs	1653722048392	1653722048412	OK	 
REQUEST		Get Tradable Asset Pairs	1653722049413	1653722049451	OK	 
REQUEST		Get Tradable Asset Pairs	1653722050510	1653722050792	OK	 
REQUEST		Get Tradable Asset Pairs	1653722051854	1653722051900	OK	 
REQUEST		Get Tradable Asset Pairs	1653722052901	1653722053126	OK	 
REQUEST		Get Tradable Asset Pairs	1653722054200	1653722054217	OK	 
REQUEST		Get Tradable Asset Pairs	1653722055218	1653722055249	OK	 
REQUEST		Get Tradable Asset Pairs	1653722056309	1653722056329	OK	 
REQUEST		Get Tradable Asset Pairs	1653722057330	1653722057633	OK	 
REQUEST		Get Tradable Asset Pairs	1653722058698	1653722058720	OK	 
REQUEST		Get Tradable Asset Pairs	1653722059721	1653722059989	OK	 
REQUEST		Get Tradable Asset Pairs	1653722061049	1653722061076	OK	 
REQUEST		Get Tradable Asset Pairs	1653722062077	1653722062345	OK	 
REQUEST		Get Tradable Asset Pairs	1653722063394	1653722063673	OK	 
REQUEST		Get Tradable Asset Pairs	1653722064723	1653722064783	OK	 
REQUEST		Get Tradable Asset Pairs	1653722065784	1653722066026	OK	 
REQUEST		Get Tradable Asset Pairs	1653722067207	1653722067238	OK	 
REQUEST		Get Tradable Asset Pairs	1653722068239	1653722068485	OK	 
REQUEST		Get Tradable Asset Pairs	1653722069509	1653722069528	OK	 
REQUEST		Get Tradable Asset Pairs	1653722070529	1653722070836	OK	 
REQUEST		Get Tradable Asset Pairs	1653722071866	1653722071897	OK	 
REQUEST		Get Tradable Asset Pairs	1653722072898	1653722073111	OK	 
REQUEST		Get Tradable Asset Pairs	1653722074161	1653722074185	OK	 
REQUEST		Get Tradable Asset Pairs	1653722075186	1653722075445	OK	 
REQUEST		Get Tradable Asset Pairs	1653722076520	1653722076790	OK	 
REQUEST		Get Tradable Asset Pairs	1653722077859	1653722077880	OK	 
REQUEST		Get Tradable Asset Pairs	1653722078881	1653722079135	OK	 
REQUEST		Get Tradable Asset Pairs	1653722080214	1653722080233	OK	 
REQUEST		Get Tradable Asset Pairs	1653722081234	1653722081488	OK	 
REQUEST		Get Tradable Asset Pairs	1653722082566	1653722082622	OK	 
REQUEST		Get Tradable Asset Pairs	1653722083623	1653722083846	OK	 
REQUEST		Get Tradable Asset Pairs	1653722084878	1653722084901	OK	 
REQUEST		Get Tradable Asset Pairs	1653722085902	1653722086203	OK	 
REQUEST		Get Tradable Asset Pairs	1653722087281	1653722087302	OK	 
REQUEST		Get Tradable Asset Pairs	1653722088303	1653722088556	OK	 
REQUEST		Get Tradable Asset Pairs	1653722089633	1653722089657	OK	 
REQUEST		Get Tradable Asset Pairs	1653722090658	1653722090910	OK	 
USER	Get Server Time Scenario	START	1653722091329
REQUEST		Get Server Time	1653722091329	1653722091614	OK	 
REQUEST		Get System Status	1653722091616	1653722091921	OK	 
REQUEST		Get Tradable Asset Pairs	1653722092001	1653722092021	OK	 
REQUEST		Get Assets Info	1653722091923	1653722092229	OK	 
REQUEST		Get Tradable Asset Pairs	1653722092229	1653722092300	OK	 
REQUEST		Get Tradable Asset Pairs	1653722093031	1653722093239	OK	 
REQUEST		Get Tradable Asset Pairs	1653722093343	1653722093377	OK	 
REQUEST		Get Tradable Asset Pairs	1653722094286	1653722094313	OK	 
REQUEST		Get Tradable Asset Pairs	1653722094416	1653722094632	OK	 
REQUEST		Get Tradable Asset Pairs	1653722095314	1653722095354	OK	 
REQUEST		Get Tradable Asset Pairs	1653722095673	1653722095700	OK	 
REQUEST		Get Tradable Asset Pairs	1653722096376	1653722096402	OK	 
REQUEST		Get Tradable Asset Pairs	1653722096702	1653722096951	OK	 
REQUEST		Get Tradable Asset Pairs	1653722097403	1653722097460	OK	 
REQUEST		Get Tradable Asset Pairs	1653722097988	1653722098013	OK	 
REQUEST		Get Tradable Asset Pairs	1653722098498	1653722098799	OK	 
REQUEST		Get Tradable Asset Pairs	1653722099014	1653722099047	OK	 
REQUEST		Get Tradable Asset Pairs	1653722099823	1653722099847	OK	 
REQUEST		Get Tradable Asset Pairs	1653722100079	1653722100104	OK	 
REQUEST		Get Tradable Asset Pairs	1653722101106	1653722101140	OK	 
REQUEST		Get Tradable Asset Pairs	1653722100849	1653722101141	OK	 
REQUEST		Get Tradable Asset Pairs	1653722102168	1653722102199	OK	 
REQUEST		Get Tradable Asset Pairs	1653722102168	1653722102207	OK	 
REQUEST		Get Tradable Asset Pairs	1653722103200	1653722103413	OK	 
REQUEST		Get Tradable Asset Pairs	1653722103208	1653722103424	OK	 
REQUEST		Get Tradable Asset Pairs	1653722104475	1653722104734	OK	 
REQUEST		Get Tradable Asset Pairs	1653722104479	1653722104744	OK	 
REQUEST		Get Tradable Asset Pairs	1653722105848	1653722105871	OK	 
REQUEST		Get Tradable Asset Pairs	1653722105849	1653722105876	OK	 
REQUEST		Get Tradable Asset Pairs	1653722106873	1653722107088	OK	 
REQUEST		Get Tradable Asset Pairs	1653722106877	1653722107102	OK	 
REQUEST		Get Tradable Asset Pairs	1653722108169	1653722108191	OK	 
REQUEST		Get Tradable Asset Pairs	1653722108168	1653722108192	OK	 
REQUEST		Get Tradable Asset Pairs	1653722109194	1653722109450	OK	 
REQUEST		Get Tradable Asset Pairs	1653722109192	1653722109443	OK	 
REQUEST		Get Tradable Asset Pairs	1653722110549	1653722110775	OK	 
REQUEST		Get Tradable Asset Pairs	1653722110549	1653722110783	OK	 
REQUEST		Get Tradable Asset Pairs	1653722111847	1653722111869	OK	 
REQUEST		Get Tradable Asset Pairs	1653722111841	1653722111875	OK	 
REQUEST		Get Tradable Asset Pairs	1653722112876	1653722113146	OK	 
REQUEST		Get Tradable Asset Pairs	1653722112870	1653722113144	OK	 
REQUEST		Get Tradable Asset Pairs	1653722114205	1653722114230	OK	 
REQUEST		Get Tradable Asset Pairs	1653722114205	1653722114232	OK	 
REQUEST		Get Tradable Asset Pairs	1653722115231	1653722115486	OK	 
REQUEST		Get Tradable Asset Pairs	1653722115233	1653722115493	OK	 
REQUEST		Get Tradable Asset Pairs	1653722116584	1653722116605	OK	 
REQUEST		Get Tradable Asset Pairs	1653722116590	1653722116615	OK	 
REQUEST		Get Tradable Asset Pairs	1653722117616	1653722117846	OK	 
REQUEST		Get Tradable Asset Pairs	1653722117606	1653722117854	OK	 
REQUEST		Get Tradable Asset Pairs	1653722118930	1653722118947	OK	 
REQUEST		Get Tradable Asset Pairs	1653722118931	1653722118960	OK	 
REQUEST		Get Tradable Asset Pairs	1653722119948	1653722120199	OK	 
REQUEST		Get Tradable Asset Pairs	1653722119961	1653722120206	OK	 
REQUEST		Get Tradable Asset Pairs	1653722121279	1653722121300	OK	 
REQUEST		Get Tradable Asset Pairs	1653722121282	1653722121309	OK	 
REQUEST		Get Tradable Asset Pairs	1653722122302	1653722122339	OK	 
REQUEST		Get Tradable Asset Pairs	1653722122310	1653722122353	OK	 
REQUEST		Get Tradable Asset Pairs	1653722123382	1653722123403	OK	 
REQUEST		Get Tradable Asset Pairs	1653722123381	1653722123408	OK	 
REQUEST		Get Tradable Asset Pairs	1653722124405	1653722124704	OK	 
REQUEST		Get Tradable Asset Pairs	1653722124409	1653722124710	OK	 
REQUEST		Get Tradable Asset Pairs	1653722125775	1653722125798	OK	 
REQUEST		Get Tradable Asset Pairs	1653722125775	1653722125804	OK	 
REQUEST		Get Tradable Asset Pairs	1653722126799	1653722127070	OK	 
REQUEST		Get Tradable Asset Pairs	1653722126805	1653722127070	OK	 
REQUEST		Get Tradable Asset Pairs	1653722128139	1653722128164	OK	 
REQUEST		Get Tradable Asset Pairs	1653722128168	1653722128189	OK	 
REQUEST		Get Tradable Asset Pairs	1653722129166	1653722129393	OK	 
REQUEST		Get Tradable Asset Pairs	1653722129191	1653722129411	OK	 
REQUEST		Get Tradable Asset Pairs	1653722130439	1653722130742	OK	 
REQUEST		Get Tradable Asset Pairs	1653722130458	1653722130749	OK	 
REQUEST		Get Tradable Asset Pairs	1653722131813	1653722131839	OK	 
REQUEST		Get Tradable Asset Pairs	1653722131811	1653722131839	OK	 
REQUEST		Get Tradable Asset Pairs	1653722132840	1653722133098	OK	 
REQUEST		Get Tradable Asset Pairs	1653722132840	1653722133611	OK	 
REQUEST		Get Tradable Asset Pairs	1653722134211	1653722134237	OK	 
REQUEST		Get Tradable Asset Pairs	1653722134653	1653722134674	OK	 
REQUEST		Get Tradable Asset Pairs	1653722135238	1653722135256	OK	 
REQUEST		Get Tradable Asset Pairs	1653722135675	1653722135961	OK	 
REQUEST		Get Tradable Asset Pairs	1653722136257	1653722136290	OK	 
REQUEST		Get Tradable Asset Pairs	1653722136986	1653722137010	OK	 
REQUEST		Get Tradable Asset Pairs	1653722137322	1653722137344	OK	 
REQUEST		Get Tradable Asset Pairs	1653722138011	1653722138325	OK	 
REQUEST		Get Tradable Asset Pairs	1653722138345	1653722138382	OK	 
REQUEST		Get Tradable Asset Pairs	1653722139349	1653722139395	OK	 
REQUEST		Get Tradable Asset Pairs	1653722139425	1653722139654	OK	 
REQUEST		Get Tradable Asset Pairs	1653722140397	1653722140431	OK	 
REQUEST		Get Tradable Asset Pairs	1653722140680	1653722140700	OK	 
REQUEST		Get Tradable Asset Pairs	1653722141460	1653722141697	OK	 
REQUEST		Get Tradable Asset Pairs	1653722141701	1653722141743	OK	 
REQUEST		Get Tradable Asset Pairs	1653722142718	1653722142741	OK	 
REQUEST		Get Tradable Asset Pairs	1653722142779	1653722142803	OK	 
REQUEST		Get Tradable Asset Pairs	1653722143742	1653722143967	OK	 
REQUEST		Get Tradable Asset Pairs	1653722143804	1653722144024	OK	 
REQUEST		Get Tradable Asset Pairs	1653722145028	1653722145053	OK	 
REQUEST		Get Tradable Asset Pairs	1653722145054	1653722145075	OK	 
REQUEST		Get Tradable Asset Pairs	1653722146054	1653722146313	OK	 
REQUEST		Get Tradable Asset Pairs	1653722146076	1653722146327	OK	 
REQUEST		Get Tradable Asset Pairs	1653722147376	1653722147402	OK	 
REQUEST		Get Tradable Asset Pairs	1653722147378	1653722147409	OK	 
REQUEST		Get Tradable Asset Pairs	1653722148403	1653722148607	OK	 
REQUEST		Get Tradable Asset Pairs	1653722148410	1653722148619	OK	 
REQUEST		Get Tradable Asset Pairs	1653722149675	1653722149698	OK	 
REQUEST		Get Tradable Asset Pairs	1653722149681	1653722149700	OK	 
REQUEST		Get Tradable Asset Pairs	1653722150701	1653722150914	OK	 
REQUEST		Get Tradable Asset Pairs	1653722150699	1653722150933	OK	 
USER	Get Server Time Scenario	START	1653722151335
REQUEST		Get Server Time	1653722151336	1653722151631	OK	 
REQUEST		Get System Status	1653722151633	1653722151928	OK	 
REQUEST		Get Tradable Asset Pairs	1653722152004	1653722152024	OK	 
REQUEST		Get Tradable Asset Pairs	1653722152021	1653722152043	OK	 
REQUEST		Get Assets Info	1653722151929	1653722152645	OK	 
REQUEST		Get Tradable Asset Pairs	1653722152646	1653722152888	OK	 
REQUEST		Get Tradable Asset Pairs	1653722153044	1653722153085	OK	 
REQUEST		Get Tradable Asset Pairs	1653722153025	1653722153097	OK	 
REQUEST		Get Tradable Asset Pairs	1653722153936	1653722153961	OK	 
REQUEST		Get Tradable Asset Pairs	1653722154116	1653722154140	OK	 
REQUEST		Get Tradable Asset Pairs	1653722154149	1653722154170	OK	 
REQUEST		Get Tradable Asset Pairs	1653722154962	1653722155190	OK	 
REQUEST		Get Tradable Asset Pairs	1653722155171	1653722155202	OK	 
REQUEST		Get Tradable Asset Pairs	1653722155141	1653722155422	OK	 
REQUEST		Get Tradable Asset Pairs	1653722156218	1653722156245	OK	 
REQUEST		Get Tradable Asset Pairs	1653722156244	1653722156285	OK	 
REQUEST		Get Tradable Asset Pairs	1653722156449	1653722156764	OK	 
REQUEST		Get Tradable Asset Pairs	1653722157246	1653722157285	OK	 
REQUEST		Get Tradable Asset Pairs	1653722157286	1653722157329	OK	 
REQUEST		Get Tradable Asset Pairs	1653722157795	1653722157814	OK	 
REQUEST		Get Tradable Asset Pairs	1653722158329	1653722158351	OK	 
REQUEST		Get Tradable Asset Pairs	1653722158367	1653722158390	OK	 
REQUEST		Get Tradable Asset Pairs	1653722158815	1653722159214	OK	 
REQUEST		Get Tradable Asset Pairs	1653722159352	1653722159406	OK	 
REQUEST		Get Tradable Asset Pairs	1653722159391	1653722159424	OK	 
REQUEST		Get Tradable Asset Pairs	1653722160257	1653722160282	OK	 
REQUEST		Get Tradable Asset Pairs	1653722160471	1653722160754	OK	 
REQUEST		Get Tradable Asset Pairs	1653722160461	1653722160755	OK	 
REQUEST		Get Tradable Asset Pairs	1653722161283	1653722161314	OK	 
REQUEST		Get Tradable Asset Pairs	1653722161821	1653722161844	OK	 
REQUEST		Get Tradable Asset Pairs	1653722161823	1653722161869	OK	 
REQUEST		Get Tradable Asset Pairs	1653722162362	1653722162392	OK	 
REQUEST		Get Tradable Asset Pairs	1653722162846	1653722163099	OK	 
REQUEST		Get Tradable Asset Pairs	1653722162870	1653722163120	OK	 
REQUEST		Get Tradable Asset Pairs	1653722163393	1653722163433	OK	 
REQUEST		Get Tradable Asset Pairs	1653722164129	1653722164151	OK	 
REQUEST		Get Tradable Asset Pairs	1653722164166	1653722164210	OK	 
REQUEST		Get Tradable Asset Pairs	1653722164464	1653722164738	OK	 
REQUEST		Get Tradable Asset Pairs	1653722165152	1653722165186	OK	 
REQUEST		Get Tradable Asset Pairs	1653722165211	1653722165247	OK	 
REQUEST		Get Tradable Asset Pairs	1653722165776	1653722165795	OK	 
REQUEST		Get Tradable Asset Pairs	1653722166221	1653722166247	OK	 
REQUEST		Get Tradable Asset Pairs	1653722166287	1653722166318	OK	 
REQUEST		Get Tradable Asset Pairs	1653722166796	1653722167101	OK	 
REQUEST		Get Tradable Asset Pairs	1653722167248	1653722167280	OK	 
REQUEST		Get Tradable Asset Pairs	1653722167320	1653722167379	OK	 
REQUEST		Get Tradable Asset Pairs	1653722168130	1653722168162	OK	 
REQUEST		Get Tradable Asset Pairs	1653722168322	1653722168347	OK	 
REQUEST		Get Tradable Asset Pairs	1653722168428	1653722168650	OK	 
REQUEST		Get Tradable Asset Pairs	1653722169163	1653722169195	OK	 
REQUEST		Get Tradable Asset Pairs	1653722169348	1653722169388	OK	 
REQUEST		Get Tradable Asset Pairs	1653722169680	1653722169701	OK	 
REQUEST		Get Tradable Asset Pairs	1653722170230	1653722170260	OK	 
REQUEST		Get Tradable Asset Pairs	1653722170440	1653722170692	OK	 
REQUEST		Get Tradable Asset Pairs	1653722170702	1653722170747	OK	 
REQUEST		Get Tradable Asset Pairs	1653722171261	1653722171294	OK	 
REQUEST		Get Tradable Asset Pairs	1653722171721	1653722171745	OK	 
REQUEST		Get Tradable Asset Pairs	1653722171774	1653722171807	OK	 
REQUEST		Get Tradable Asset Pairs	1653722172326	1653722172345	OK	 
REQUEST		Get Tradable Asset Pairs	1653722172746	1653722172964	OK	 
REQUEST		Get Tradable Asset Pairs	1653722172808	1653722173019	OK	 
REQUEST		Get Tradable Asset Pairs	1653722173346	1653722173390	OK	 
REQUEST		Get Tradable Asset Pairs	1653722173987	1653722174013	OK	 
REQUEST		Get Tradable Asset Pairs	1653722174070	1653722174092	OK	 
REQUEST		Get Tradable Asset Pairs	1653722174415	1653722174677	OK	 
REQUEST		Get Tradable Asset Pairs	1653722175014	1653722175046	OK	 
REQUEST		Get Tradable Asset Pairs	1653722175093	1653722175132	OK	 
REQUEST		Get Tradable Asset Pairs	1653722175718	1653722175749	OK	 
REQUEST		Get Tradable Asset Pairs	1653722176075	1653722176119	OK	 
REQUEST		Get Tradable Asset Pairs	1653722176165	1653722176187	OK	 
REQUEST		Get Tradable Asset Pairs	1653722176750	1653722177033	OK	 
REQUEST		Get Tradable Asset Pairs	1653722177120	1653722177149	OK	 
REQUEST		Get Tradable Asset Pairs	1653722177188	1653722177235	OK	 
REQUEST		Get Tradable Asset Pairs	1653722178082	1653722178116	OK	 
REQUEST		Get Tradable Asset Pairs	1653722178193	1653722178211	OK	 
REQUEST		Get Tradable Asset Pairs	1653722178280	1653722178311	OK	 
REQUEST		Get Tradable Asset Pairs	1653722179118	1653722179153	OK	 
REQUEST		Get Tradable Asset Pairs	1653722179212	1653722179252	OK	 
REQUEST		Get Tradable Asset Pairs	1653722179313	1653722179347	OK	 
REQUEST		Get Tradable Asset Pairs	1653722180192	1653722180210	OK	 
REQUEST		Get Tradable Asset Pairs	1653722180290	1653722180309	OK	 
REQUEST		Get Tradable Asset Pairs	1653722180403	1653722180711	OK	 
REQUEST		Get Tradable Asset Pairs	1653722181211	1653722181254	OK	 
REQUEST		Get Tradable Asset Pairs	1653722181310	1653722181355	OK	 
REQUEST		Get Tradable Asset Pairs	1653722181743	1653722181763	OK	 
REQUEST		Get Tradable Asset Pairs	1653722182291	1653722182318	OK	 
REQUEST		Get Tradable Asset Pairs	1653722182409	1653722182658	OK	 
REQUEST		Get Tradable Asset Pairs	1653722182764	1653722182798	OK	 
REQUEST		Get Tradable Asset Pairs	1653722183319	1653722183359	OK	 
REQUEST		Get Tradable Asset Pairs	1653722183698	1653722183725	OK	 
REQUEST		Get Tradable Asset Pairs	1653722183828	1653722183853	OK	 
REQUEST		Get Tradable Asset Pairs	1653722184385	1653722184704	OK	 
REQUEST		Get Tradable Asset Pairs	1653722184726	1653722184762	OK	 
REQUEST		Get Tradable Asset Pairs	1653722184854	1653722184887	OK	 
REQUEST		Get Tradable Asset Pairs	1653722185755	1653722185787	OK	 
REQUEST		Get Tradable Asset Pairs	1653722185790	1653722185813	OK	 
REQUEST		Get Tradable Asset Pairs	1653722185932	1653722185959	OK	 
REQUEST		Get Tradable Asset Pairs	1653722186789	1653722186993	OK	 
REQUEST		Get Tradable Asset Pairs	1653722186961	1653722187012	OK	 
REQUEST		Get Tradable Asset Pairs	1653722186815	1653722187020	OK	 
REQUEST		Get Tradable Asset Pairs	1653722188078	1653722188099	OK	 
REQUEST		Get Tradable Asset Pairs	1653722188090	1653722188115	OK	 
REQUEST		Get Tradable Asset Pairs	1653722188093	1653722188118	OK	 
REQUEST		Get Tradable Asset Pairs	1653722189100	1653722189141	OK	 
REQUEST		Get Tradable Asset Pairs	1653722189117	1653722189155	OK	 
REQUEST		Get Tradable Asset Pairs	1653722189119	1653722189165	OK	 
REQUEST		Get Tradable Asset Pairs	1653722190169	1653722190190	OK	 
REQUEST		Get Tradable Asset Pairs	1653722190211	1653722190242	OK	 
REQUEST		Get Tradable Asset Pairs	1653722190225	1653722190249	OK	 
REQUEST		Get Tradable Asset Pairs	1653722191191	1653722191221	OK	 
REQUEST		Get Tradable Asset Pairs	1653722191243	1653722191280	OK	 
REQUEST		Get Tradable Asset Pairs	1653722191251	1653722191289	OK	 
REQUEST		Get Tradable Asset Pairs	1653722192259	1653722192282	OK	 
REQUEST		Get Tradable Asset Pairs	1653722192305	1653722192330	OK	 
REQUEST		Get Tradable Asset Pairs	1653722192327	1653722192346	OK	 
REQUEST		Get Tradable Asset Pairs	1653722193283	1653722193317	OK	 
REQUEST		Get Tradable Asset Pairs	1653722193332	1653722193365	OK	 
REQUEST		Get Tradable Asset Pairs	1653722193347	1653722193376	OK	 
REQUEST		Get Tradable Asset Pairs	1653722194352	1653722194372	OK	 
REQUEST		Get Tradable Asset Pairs	1653722194433	1653722194648	OK	 
REQUEST		Get Tradable Asset Pairs	1653722194403	1653722194664	OK	 
REQUEST		Get Tradable Asset Pairs	1653722195373	1653722195415	OK	 
REQUEST		Get Tradable Asset Pairs	1653722195679	1653722195701	OK	 
REQUEST		Get Tradable Asset Pairs	1653722195713	1653722195738	OK	 
REQUEST		Get Tradable Asset Pairs	1653722196465	1653722196688	OK	 
REQUEST		Get Tradable Asset Pairs	1653722196702	1653722196735	OK	 
REQUEST		Get Tradable Asset Pairs	1653722196740	1653722196773	OK	 
REQUEST		Get Tradable Asset Pairs	1653722197715	1653722197740	OK	 
REQUEST		Get Tradable Asset Pairs	1653722197765	1653722197788	OK	 
REQUEST		Get Tradable Asset Pairs	1653722197822	1653722197842	OK	 
REQUEST		Get Tradable Asset Pairs	1653722198742	1653722198958	OK	 
REQUEST		Get Tradable Asset Pairs	1653722198789	1653722199001	OK	 
REQUEST		Get Tradable Asset Pairs	1653722198844	1653722199094	OK	 
REQUEST		Get Tradable Asset Pairs	1653722200090	1653722200123	OK	 
REQUEST		Get Tradable Asset Pairs	1653722200128	1653722200162	OK	 
REQUEST		Get Tradable Asset Pairs	1653722200146	1653722200184	OK	 
REQUEST		Get Tradable Asset Pairs	1653722201152	1653722201172	OK	 
REQUEST		Get Tradable Asset Pairs	1653722201188	1653722201219	OK	 
REQUEST		Get Tradable Asset Pairs	1653722201226	1653722201249	OK	 
REQUEST		Get Tradable Asset Pairs	1653722202250	1653722202286	OK	 
REQUEST		Get Tradable Asset Pairs	1653722202173	1653722202382	OK	 
REQUEST		Get Tradable Asset Pairs	1653722202221	1653722202434	OK	 
REQUEST		Get Tradable Asset Pairs	1653722203307	1653722203335	OK	 
REQUEST		Get Tradable Asset Pairs	1653722203410	1653722203659	OK	 
REQUEST		Get Tradable Asset Pairs	1653722203479	1653722203685	OK	 
REQUEST		Get Tradable Asset Pairs	1653722204336	1653722204356	OK	 
REQUEST		Get Tradable Asset Pairs	1653722204661	1653722204689	OK	 
REQUEST		Get Tradable Asset Pairs	1653722204712	1653722204732	OK	 
REQUEST		Get Tradable Asset Pairs	1653722205357	1653722205383	OK	 
REQUEST		Get Tradable Asset Pairs	1653722205690	1653722205888	OK	 
REQUEST		Get Tradable Asset Pairs	1653722205733	1653722205962	OK	 
REQUEST		Get Tradable Asset Pairs	1653722206384	1653722206424	OK	 
REQUEST		Get Tradable Asset Pairs	1653722206911	1653722206932	OK	 
REQUEST		Get Tradable Asset Pairs	1653722206995	1653722207012	OK	 
REQUEST		Get Tradable Asset Pairs	1653722207933	1653722208154	OK	 
REQUEST		Get Tradable Asset Pairs	1653722207457	1653722208161	OK	 
REQUEST		Get Tradable Asset Pairs	1653722208013	1653722208251	OK	 
REQUEST		Get Tradable Asset Pairs	1653722209222	1653722209243	OK	 
REQUEST		Get Tradable Asset Pairs	1653722209225	1653722209265	OK	 
REQUEST		Get Tradable Asset Pairs	1653722209294	1653722209312	OK	 
REQUEST		Get Tradable Asset Pairs	1653722210245	1653722210278	OK	 
REQUEST		Get Tradable Asset Pairs	1653722210266	1653722210303	OK	 
REQUEST		Get Tradable Asset Pairs	1653722210313	1653722210349	OK	 
REQUEST		Get Tradable Asset Pairs	1653722211313	1653722211333	OK	 
USER	Get Server Time Scenario	START	1653722211342
REQUEST		Get Tradable Asset Pairs	1653722211347	1653722211370	OK	 
REQUEST		Get Tradable Asset Pairs	1653722211387	1653722211424	OK	 
REQUEST		Get Server Time	1653722211342	1653722211730	OK	 
REQUEST		Get System Status	1653722211731	1653722211956	OK	 
REQUEST		Get Assets Info	1653722211956	1653722212243	OK	 
REQUEST		Get Tradable Asset Pairs	1653722212244	1653722212306	OK	 
REQUEST		Get Tradable Asset Pairs	1653722212334	1653722212369	OK	 
REQUEST		Get Tradable Asset Pairs	1653722212377	1653722212417	OK	 
REQUEST		Get Tradable Asset Pairs	1653722212425	1653722212463	OK	 
REQUEST		Get Tradable Asset Pairs	1653722213356	1653722213388	OK	 
REQUEST		Get Tradable Asset Pairs	1653722213448	1653722213663	OK	 
REQUEST		Get Tradable Asset Pairs	1653722213433	1653722213668	OK	 
REQUEST		Get Tradable Asset Pairs	1653722213514	1653722214300	OK	 
REQUEST		Get Tradable Asset Pairs	1653722214389	1653722214440	OK	 
REQUEST		Get Tradable Asset Pairs	1653722214711	1653722214738	OK	 
REQUEST		Get Tradable Asset Pairs	1653722214717	1653722214749	OK	 
REQUEST		Get Tradable Asset Pairs	1653722215343	1653722215368	OK	 
REQUEST		Get Tradable Asset Pairs	1653722215497	1653722215739	OK	 
REQUEST		Get Tradable Asset Pairs	1653722215739	1653722215780	OK	 
REQUEST		Get Tradable Asset Pairs	1653722215750	1653722215801	OK	 
REQUEST		Get Tradable Asset Pairs	1653722216369	1653722216400	OK	 
REQUEST		Get Tradable Asset Pairs	1653722216792	1653722216816	OK	 
REQUEST		Get Tradable Asset Pairs	1653722216823	1653722216845	OK	 
REQUEST		Get Tradable Asset Pairs	1653722216847	1653722216868	OK	 
REQUEST		Get Tradable Asset Pairs	1653722217443	1653722217678	OK	 
REQUEST		Get Tradable Asset Pairs	1653722217817	1653722217858	OK	 
REQUEST		Get Tradable Asset Pairs	1653722217846	1653722217897	OK	 
REQUEST		Get Tradable Asset Pairs	1653722217870	1653722217917	OK	 
REQUEST		Get Tradable Asset Pairs	1653722218721	1653722218747	OK	 
REQUEST		Get Tradable Asset Pairs	1653722218900	1653722218926	OK	 
REQUEST		Get Tradable Asset Pairs	1653722218961	1653722218984	OK	 
REQUEST		Get Tradable Asset Pairs	1653722218979	1653722218997	OK	 
REQUEST		Get Tradable Asset Pairs	1653722219748	1653722219959	OK	 
REQUEST		Get Tradable Asset Pairs	1653722219928	1653722219970	OK	 
REQUEST		Get Tradable Asset Pairs	1653722219988	1653722220025	OK	 
REQUEST		Get Tradable Asset Pairs	1653722219998	1653722220040	OK	 
REQUEST		Get Tradable Asset Pairs	1653722221003	1653722221025	OK	 
REQUEST		Get Tradable Asset Pairs	1653722221014	1653722221045	OK	 
REQUEST		Get Tradable Asset Pairs	1653722221068	1653722221105	OK	 
REQUEST		Get Tradable Asset Pairs	1653722221082	1653722221111	OK	 
REQUEST		Get Tradable Asset Pairs	1653722222026	1653722222057	OK	 
REQUEST		Get Tradable Asset Pairs	1653722222046	1653722222081	OK	 
REQUEST		Get Tradable Asset Pairs	1653722222106	1653722222138	OK	 
REQUEST		Get Tradable Asset Pairs	1653722222118	1653722222153	OK	 
REQUEST		Get Tradable Asset Pairs	1653722223099	1653722223127	OK	 
REQUEST		Get Tradable Asset Pairs	1653722223129	1653722223165	OK	 
REQUEST		Get Tradable Asset Pairs	1653722223170	1653722223193	OK	 
REQUEST		Get Tradable Asset Pairs	1653722223209	1653722223235	OK	 
REQUEST		Get Tradable Asset Pairs	1653722224128	1653722224168	OK	 
REQUEST		Get Tradable Asset Pairs	1653722224166	1653722224234	OK	 
REQUEST		Get Tradable Asset Pairs	1653722224194	1653722224234	OK	 
REQUEST		Get Tradable Asset Pairs	1653722224237	1653722224271	OK	 
REQUEST		Get Tradable Asset Pairs	1653722225195	1653722225232	OK	 
REQUEST		Get Tradable Asset Pairs	1653722225275	1653722225294	OK	 
REQUEST		Get Tradable Asset Pairs	1653722225275	1653722225312	OK	 
REQUEST		Get Tradable Asset Pairs	1653722225323	1653722225348	OK	 
REQUEST		Get Tradable Asset Pairs	1653722226233	1653722226277	OK	 
REQUEST		Get Tradable Asset Pairs	1653722226295	1653722226329	OK	 
REQUEST		Get Tradable Asset Pairs	1653722226313	1653722226363	OK	 
REQUEST		Get Tradable Asset Pairs	1653722226349	1653722226388	OK	 
REQUEST		Get Tradable Asset Pairs	1653722227322	1653722227355	OK	 
REQUEST		Get Tradable Asset Pairs	1653722227363	1653722227397	OK	 
REQUEST		Get Tradable Asset Pairs	1653722227411	1653722227618	OK	 
REQUEST		Get Tradable Asset Pairs	1653722227431	1653722227624	OK	 
REQUEST		Get Tradable Asset Pairs	1653722228356	1653722228388	OK	 
REQUEST		Get Tradable Asset Pairs	1653722228399	1653722228441	OK	 
REQUEST		Get Tradable Asset Pairs	1653722228668	1653722228687	OK	 
REQUEST		Get Tradable Asset Pairs	1653722228662	1653722228689	OK	 
REQUEST		Get Tradable Asset Pairs	1653722229439	1653722229656	OK	 
REQUEST		Get Tradable Asset Pairs	1653722229484	1653722229699	OK	 
REQUEST		Get Tradable Asset Pairs	1653722229688	1653722229736	OK	 
REQUEST		Get Tradable Asset Pairs	1653722229690	1653722229737	OK	 
REQUEST		Get Tradable Asset Pairs	1653722230694	1653722230722	OK	 
REQUEST		Get Tradable Asset Pairs	1653722230726	1653722230755	OK	 
REQUEST		Get Tradable Asset Pairs	1653722230779	1653722230796	OK	 
REQUEST		Get Tradable Asset Pairs	1653722230783	1653722230816	OK	 
REQUEST		Get Tradable Asset Pairs	1653722231723	1653722231930	OK	 
REQUEST		Get Tradable Asset Pairs	1653722231756	1653722231974	OK	 
REQUEST		Get Tradable Asset Pairs	1653722231797	1653722232008	OK	 
REQUEST		Get Tradable Asset Pairs	1653722231817	1653722232044	OK	 
REQUEST		Get Tradable Asset Pairs	1653722232952	1653722232972	OK	 
REQUEST		Get Tradable Asset Pairs	1653722233003	1653722233026	OK	 
REQUEST		Get Tradable Asset Pairs	1653722233049	1653722233078	OK	 
REQUEST		Get Tradable Asset Pairs	1653722233086	1653722233115	OK	 
REQUEST		Get Tradable Asset Pairs	1653722233973	1653722234196	OK	 
REQUEST		Get Tradable Asset Pairs	1653722234027	1653722234257	OK	 
REQUEST		Get Tradable Asset Pairs	1653722234079	1653722234281	OK	 
REQUEST		Get Tradable Asset Pairs	1653722234116	1653722234329	OK	 
REQUEST		Get Tradable Asset Pairs	1653722235270	1653722235293	OK	 
REQUEST		Get Tradable Asset Pairs	1653722235309	1653722235326	OK	 
REQUEST		Get Tradable Asset Pairs	1653722235323	1653722235349	OK	 
REQUEST		Get Tradable Asset Pairs	1653722235374	1653722235399	OK	 
REQUEST		Get Tradable Asset Pairs	1653722236294	1653722236628	OK	 
REQUEST		Get Tradable Asset Pairs	1653722236350	1653722236655	OK	 
REQUEST		Get Tradable Asset Pairs	1653722236400	1653722236662	OK	 
REQUEST		Get Tradable Asset Pairs	1653722236327	1653722236639	OK	 
REQUEST		Get Tradable Asset Pairs	1653722237739	1653722237759	OK	 
REQUEST		Get Tradable Asset Pairs	1653722237742	1653722237763	OK	 
REQUEST		Get Tradable Asset Pairs	1653722237743	1653722237763	OK	 
REQUEST		Get Tradable Asset Pairs	1653722237745	1653722237773	OK	 
REQUEST		Get Tradable Asset Pairs	1653722238764	1653722238972	OK	 
REQUEST		Get Tradable Asset Pairs	1653722238774	1653722238990	OK	 
REQUEST		Get Tradable Asset Pairs	1653722238775	1653722239024	OK	 
REQUEST		Get Tradable Asset Pairs	1653722238774	1653722239507	OK	 
REQUEST		Get Tradable Asset Pairs	1653722240066	1653722240080	OK	 
REQUEST		Get Tradable Asset Pairs	1653722240063	1653722240080	OK	 
REQUEST		Get Tradable Asset Pairs	1653722240092	1653722240113	OK	 
REQUEST		Get Tradable Asset Pairs	1653722240550	1653722240577	OK	 
REQUEST		Get Tradable Asset Pairs	1653722241081	1653722241103	OK	 
REQUEST		Get Tradable Asset Pairs	1653722241081	1653722241114	OK	 
REQUEST		Get Tradable Asset Pairs	1653722241114	1653722241138	OK	 
REQUEST		Get Tradable Asset Pairs	1653722241578	1653722241847	OK	 
REQUEST		Get Tradable Asset Pairs	1653722242105	1653722242136	OK	 
REQUEST		Get Tradable Asset Pairs	1653722242115	1653722242153	OK	 
REQUEST		Get Tradable Asset Pairs	1653722242139	1653722242179	OK	 
REQUEST		Get Tradable Asset Pairs	1653722242891	1653722242916	OK	 
REQUEST		Get Tradable Asset Pairs	1653722243170	1653722243192	OK	 
REQUEST		Get Tradable Asset Pairs	1653722243191	1653722243214	OK	 
REQUEST		Get Tradable Asset Pairs	1653722243238	1653722243276	OK	 
REQUEST		Get Tradable Asset Pairs	1653722243918	1653722244209	OK	 
REQUEST		Get Tradable Asset Pairs	1653722244193	1653722244235	OK	 
REQUEST		Get Tradable Asset Pairs	1653722244215	1653722244257	OK	 
REQUEST		Get Tradable Asset Pairs	1653722244281	1653722244319	OK	 
REQUEST		Get Tradable Asset Pairs	1653722245238	1653722245261	OK	 
REQUEST		Get Tradable Asset Pairs	1653722245289	1653722245310	OK	 
REQUEST		Get Tradable Asset Pairs	1653722245304	1653722245326	OK	 
REQUEST		Get Tradable Asset Pairs	1653722245373	1653722245396	OK	 
REQUEST		Get Tradable Asset Pairs	1653722246262	1653722246296	OK	 
REQUEST		Get Tradable Asset Pairs	1653722246317	1653722246349	OK	 
REQUEST		Get Tradable Asset Pairs	1653722246327	1653722246361	OK	 
REQUEST		Get Tradable Asset Pairs	1653722246398	1653722246459	OK	 
REQUEST		Get Tradable Asset Pairs	1653722247344	1653722247383	OK	 
REQUEST		Get Tradable Asset Pairs	1653722247392	1653722247411	OK	 
REQUEST		Get Tradable Asset Pairs	1653722247405	1653722247634	OK	 
REQUEST		Get Tradable Asset Pairs	1653722247512	1653722247717	OK	 
REQUEST		Get Tradable Asset Pairs	1653722248384	1653722248441	OK	 
REQUEST		Get Tradable Asset Pairs	1653722248412	1653722248452	OK	 
REQUEST		Get Tradable Asset Pairs	1653722248635	1653722248675	OK	 
REQUEST		Get Tradable Asset Pairs	1653722248760	1653722248785	OK	 
REQUEST		Get Tradable Asset Pairs	1653722249485	1653722249730	OK	 
REQUEST		Get Tradable Asset Pairs	1653722249724	1653722249762	OK	 
REQUEST		Get Tradable Asset Pairs	1653722249786	1653722249820	OK	 
REQUEST		Get Tradable Asset Pairs	1653722249497	1653722250348	OK	 
REQUEST		Get Tradable Asset Pairs	1653722250756	1653722250785	OK	 
REQUEST		Get Tradable Asset Pairs	1653722250797	1653722250818	OK	 
REQUEST		Get Tradable Asset Pairs	1653722250843	1653722250867	OK	 
REQUEST		Get Tradable Asset Pairs	1653722251400	1653722251668	OK	 
REQUEST		Get Tradable Asset Pairs	1653722251787	1653722251807	OK	 
REQUEST		Get Tradable Asset Pairs	1653722251819	1653722251842	OK	 
REQUEST		Get Tradable Asset Pairs	1653722251868	1653722251898	OK	 
REQUEST		Get Tradable Asset Pairs	1653722252669	1653722252695	OK	 
REQUEST		Get Tradable Asset Pairs	1653722252808	1653722252829	OK	 
REQUEST		Get Tradable Asset Pairs	1653722252844	1653722252876	OK	 
REQUEST		Get Tradable Asset Pairs	1653722252899	1653722252927	OK	 
REQUEST		Get Tradable Asset Pairs	1653722253831	1653722253863	OK	 
REQUEST		Get Tradable Asset Pairs	1653722253696	1653722253892	OK	 
REQUEST		Get Tradable Asset Pairs	1653722253878	1653722253920	OK	 
REQUEST		Get Tradable Asset Pairs	1653722253928	1653722253974	OK	 
REQUEST		Get Tradable Asset Pairs	1653722254897	1653722254919	OK	 
REQUEST		Get Tradable Asset Pairs	1653722254950	1653722254975	OK	 
REQUEST		Get Tradable Asset Pairs	1653722254971	1653722255005	OK	 
REQUEST		Get Tradable Asset Pairs	1653722255029	1653722255069	OK	 
REQUEST		Get Tradable Asset Pairs	1653722255920	1653722256129	OK	 
REQUEST		Get Tradable Asset Pairs	1653722255976	1653722256197	OK	 
REQUEST		Get Tradable Asset Pairs	1653722256006	1653722256215	OK	 
REQUEST		Get Tradable Asset Pairs	1653722256070	1653722256279	OK	 
REQUEST		Get Tradable Asset Pairs	1653722257208	1653722257242	OK	 
REQUEST		Get Tradable Asset Pairs	1653722257266	1653722257296	OK	 
REQUEST		Get Tradable Asset Pairs	1653722257265	1653722257296	OK	 
REQUEST		Get Tradable Asset Pairs	1653722257332	1653722257355	OK	 
REQUEST		Get Tradable Asset Pairs	1653722258243	1653722258278	OK	 
REQUEST		Get Tradable Asset Pairs	1653722258297	1653722258343	OK	 
REQUEST		Get Tradable Asset Pairs	1653722258297	1653722258335	OK	 
REQUEST		Get Tradable Asset Pairs	1653722258356	1653722258390	OK	 
REQUEST		Get Tradable Asset Pairs	1653722259326	1653722259353	OK	 
REQUEST		Get Tradable Asset Pairs	1653722259378	1653722259400	OK	 
REQUEST		Get Tradable Asset Pairs	1653722259377	1653722259406	OK	 
REQUEST		Get Tradable Asset Pairs	1653722259439	1653722259677	OK	 
REQUEST		Get Tradable Asset Pairs	1653722260354	1653722260379	OK	 
REQUEST		Get Tradable Asset Pairs	1653722260401	1653722260434	OK	 
REQUEST		Get Tradable Asset Pairs	1653722260407	1653722260447	OK	 
REQUEST		Get Tradable Asset Pairs	1653722260735	1653722260759	OK	 
REQUEST		Get Tradable Asset Pairs	1653722261431	1653722261649	OK	 
REQUEST		Get Tradable Asset Pairs	1653722261476	1653722261684	OK	 
REQUEST		Get Tradable Asset Pairs	1653722261491	1653722261729	OK	 
REQUEST		Get Tradable Asset Pairs	1653722261760	1653722261791	OK	 
REQUEST		Get Tradable Asset Pairs	1653722262674	1653722262699	OK	 
REQUEST		Get Tradable Asset Pairs	1653722262750	1653722262779	OK	 
REQUEST		Get Tradable Asset Pairs	1653722262773	1653722262804	OK	 
REQUEST		Get Tradable Asset Pairs	1653722262842	1653722262901	OK	 
REQUEST		Get Tradable Asset Pairs	1653722263700	1653722263918	OK	 
REQUEST		Get Tradable Asset Pairs	1653722263902	1653722263937	OK	 
REQUEST		Get Tradable Asset Pairs	1653722263781	1653722263988	OK	 
REQUEST		Get Tradable Asset Pairs	1653722263808	1653722264038	OK	 
REQUEST		Get Tradable Asset Pairs	1653722264943	1653722264965	OK	 
REQUEST		Get Tradable Asset Pairs	1653722264970	1653722265001	OK	 
REQUEST		Get Tradable Asset Pairs	1653722265019	1653722265044	OK	 
REQUEST		Get Tradable Asset Pairs	1653722265084	1653722265110	OK	 
REQUEST		Get Tradable Asset Pairs	1653722266111	1653722266142	OK	 
REQUEST		Get Tradable Asset Pairs	1653722265966	1653722266174	OK	 
REQUEST		Get Tradable Asset Pairs	1653722266002	1653722266205	OK	 
REQUEST		Get Tradable Asset Pairs	1653722266045	1653722266955	OK	 
REQUEST		Get Tradable Asset Pairs	1653722267195	1653722267228	OK	 
REQUEST		Get Tradable Asset Pairs	1653722267220	1653722267246	OK	 
REQUEST		Get Tradable Asset Pairs	1653722267247	1653722267267	OK	 
REQUEST		Get Tradable Asset Pairs	1653722267998	1653722268037	OK	 
REQUEST		Get Tradable Asset Pairs	1653722268229	1653722268253	OK	 
REQUEST		Get Tradable Asset Pairs	1653722268247	1653722268268	OK	 
REQUEST		Get Tradable Asset Pairs	1653722268268	1653722268292	OK	 
REQUEST		Get Tradable Asset Pairs	1653722269038	1653722269270	OK	 
REQUEST		Get Tradable Asset Pairs	1653722269254	1653722269298	OK	 
REQUEST		Get Tradable Asset Pairs	1653722269269	1653722269311	OK	 
REQUEST		Get Tradable Asset Pairs	1653722269297	1653722269342	OK	 
REQUEST		Get Tradable Asset Pairs	1653722270317	1653722270340	OK	 
REQUEST		Get Tradable Asset Pairs	1653722270335	1653722270355	OK	 
REQUEST		Get Tradable Asset Pairs	1653722270349	1653722270369	OK	 
REQUEST		Get Tradable Asset Pairs	1653722270400	1653722270631	OK	 
REQUEST		Get Tradable Asset Pairs	1653722271341	1653722271373	OK	 
REQUEST		Get Tradable Asset Pairs	1653722271356	1653722271397	OK	 
REQUEST		Get Tradable Asset Pairs	1653722271370	1653722271414	OK	 
REQUEST		Get Tradable Asset Pairs	1653722271679	1653722271715	OK	 
REQUEST		Get Tradable Asset Pairs	1653722272398	1653722272616	OK	 
REQUEST		Get Tradable Asset Pairs	1653722272460	1653722272663	OK	 
REQUEST		Get Tradable Asset Pairs	1653722272475	1653722272710	OK	 
REQUEST		Get Tradable Asset Pairs	1653722272716	1653722272758	OK	 
REQUEST		Get Tradable Asset Pairs	1653722273646	1653722273670	OK	 
REQUEST		Get Tradable Asset Pairs	1653722273703	1653722273726	OK	 
REQUEST		Get Tradable Asset Pairs	1653722273750	1653722273770	OK	 
REQUEST		Get Tradable Asset Pairs	1653722273801	1653722273830	OK	 
REQUEST		Get Tradable Asset Pairs	1653722274671	1653722274878	OK	 
REQUEST		Get Tradable Asset Pairs	1653722274727	1653722274940	OK	 
REQUEST		Get Tradable Asset Pairs	1653722274771	1653722274985	OK	 
REQUEST		Get Tradable Asset Pairs	1653722274831	1653722275042	OK	 
REQUEST		Get Tradable Asset Pairs	1653722275948	1653722275973	OK	 
REQUEST		Get Tradable Asset Pairs	1653722276022	1653722276043	OK	 
REQUEST		Get Tradable Asset Pairs	1653722276072	1653722276093	OK	 
REQUEST		Get Tradable Asset Pairs	1653722276105	1653722276125	OK	 
REQUEST		Get Tradable Asset Pairs	1653722276974	1653722277175	OK	 
REQUEST		Get Tradable Asset Pairs	1653722277044	1653722277247	OK	 
REQUEST		Get Tradable Asset Pairs	1653722277094	1653722277311	OK	 
REQUEST		Get Tradable Asset Pairs	1653722277126	1653722277332	OK	 
REQUEST		Get Tradable Asset Pairs	1653722278234	1653722278301	OK	 
REQUEST		Get Tradable Asset Pairs	1653722278298	1653722278329	OK	 
REQUEST		Get Tradable Asset Pairs	1653722278374	1653722278410	OK	 
REQUEST		Get Tradable Asset Pairs	1653722278403	1653722278614	OK	 
REQUEST		Get Tradable Asset Pairs	1653722279302	1653722279338	OK	 
REQUEST		Get Tradable Asset Pairs	1653722279330	1653722279373	OK	 
REQUEST		Get Tradable Asset Pairs	1653722279411	1653722279443	OK	 
REQUEST		Get Tradable Asset Pairs	1653722279661	1653722279684	OK	 
REQUEST		Get Tradable Asset Pairs	1653722280372	1653722280411	OK	 
REQUEST		Get Tradable Asset Pairs	1653722280414	1653722280628	OK	 
REQUEST		Get Tradable Asset Pairs	1653722280497	1653722280721	OK	 
REQUEST		Get Tradable Asset Pairs	1653722280685	1653722280721	OK	 
REQUEST		Get Tradable Asset Pairs	1653722281412	1653722281458	OK	 
REQUEST		Get Tradable Asset Pairs	1653722281663	1653722281698	OK	 
REQUEST		Get Tradable Asset Pairs	1653722281764	1653722281789	OK	 
REQUEST		Get Tradable Asset Pairs	1653722281764	1653722281817	OK	 
REQUEST		Get Tradable Asset Pairs	1653722282699	1653722282737	OK	 
REQUEST		Get Tradable Asset Pairs	1653722282506	1653722282734	OK	 
REQUEST		Get Tradable Asset Pairs	1653722282790	1653722282830	OK	 
REQUEST		Get Tradable Asset Pairs	1653722282818	1653722282865	OK	 
REQUEST		Get Tradable Asset Pairs	1653722283782	1653722283817	OK	 
REQUEST		Get Tradable Asset Pairs	1653722283783	1653722283817	OK	 
REQUEST		Get Tradable Asset Pairs	1653722283873	1653722283898	OK	 
REQUEST		Get Tradable Asset Pairs	1653722283910	1653722283957	OK	 
REQUEST		Get Tradable Asset Pairs	1653722284818	1653722285032	OK	 
REQUEST		Get Tradable Asset Pairs	1653722284818	1653722285057	OK	 
REQUEST		Get Tradable Asset Pairs	1653722284899	1653722285116	OK	 
REQUEST		Get Tradable Asset Pairs	1653722284958	1653722285171	OK	 
REQUEST		Get Tradable Asset Pairs	1653722286097	1653722286123	OK	 
REQUEST		Get Tradable Asset Pairs	1653722286108	1653722286143	OK	 
REQUEST		Get Tradable Asset Pairs	1653722286157	1653722286184	OK	 
REQUEST		Get Tradable Asset Pairs	1653722286214	1653722286233	OK	 
REQUEST		Get Tradable Asset Pairs	1653722287124	1653722287334	OK	 
REQUEST		Get Tradable Asset Pairs	1653722287144	1653722287357	OK	 
REQUEST		Get Tradable Asset Pairs	1653722287185	1653722287396	OK	 
REQUEST		Get Tradable Asset Pairs	1653722287234	1653722287439	OK	 
REQUEST		Get Tradable Asset Pairs	1653722288404	1653722288426	OK	 
REQUEST		Get Tradable Asset Pairs	1653722288467	1653722288492	OK	 
REQUEST		Get Tradable Asset Pairs	1653722288479	1653722288498	OK	 
REQUEST		Get Tradable Asset Pairs	1653722288505	1653722288539	OK	 
REQUEST		Get Tradable Asset Pairs	1653722289427	1653722289621	OK	 
REQUEST		Get Tradable Asset Pairs	1653722289493	1653722289717	OK	 
REQUEST		Get Tradable Asset Pairs	1653722289499	1653722289717	OK	 
REQUEST		Get Tradable Asset Pairs	1653722289540	1653722289765	OK	 
REQUEST		Get Tradable Asset Pairs	1653722290694	1653722290735	OK	 
REQUEST		Get Tradable Asset Pairs	1653722290794	1653722290815	OK	 
REQUEST		Get Tradable Asset Pairs	1653722290777	1653722290815	OK	 
REQUEST		Get Tradable Asset Pairs	1653722290829	1653722290856	OK	 
REQUEST		Get Tradable Asset Pairs	1653722291736	1653722291952	OK	 
REQUEST		Get Tradable Asset Pairs	1653722291817	1653722292030	OK	 
REQUEST		Get Tradable Asset Pairs	1653722291817	1653722292044	OK	 
REQUEST		Get Tradable Asset Pairs	1653722291857	1653722292105	OK	 
REQUEST		Get Tradable Asset Pairs	1653722292975	1653722293002	OK	 
REQUEST		Get Tradable Asset Pairs	1653722293070	1653722293112	OK	 
REQUEST		Get Tradable Asset Pairs	1653722293108	1653722293133	OK	 
REQUEST		Get Tradable Asset Pairs	1653722293151	1653722293194	OK	 
REQUEST		Get Tradable Asset Pairs	1653722294003	1653722294224	OK	 
REQUEST		Get Tradable Asset Pairs	1653722294195	1653722294230	OK	 
REQUEST		Get Tradable Asset Pairs	1653722294113	1653722294328	OK	 
REQUEST		Get Tradable Asset Pairs	1653722294134	1653722294355	OK	 
REQUEST		Get Tradable Asset Pairs	1653722295267	1653722295284	OK	 
REQUEST		Get Tradable Asset Pairs	1653722295272	1653722295303	OK	 
REQUEST		Get Tradable Asset Pairs	1653722295373	1653722295400	OK	 
REQUEST		Get Tradable Asset Pairs	1653722295399	1653722295606	OK	 
REQUEST		Get Tradable Asset Pairs	1653722296285	1653722296319	OK	 
REQUEST		Get Tradable Asset Pairs	1653722296304	1653722296344	OK	 
REQUEST		Get Tradable Asset Pairs	1653722296401	1653722296464	OK	 
REQUEST		Get Tradable Asset Pairs	1653722296662	1653722296686	OK	 
REQUEST		Get Tradable Asset Pairs	1653722297361	1653722297383	OK	 
REQUEST		Get Tradable Asset Pairs	1653722297387	1653722297421	OK	 
REQUEST		Get Tradable Asset Pairs	1653722297518	1653722297738	OK	 
REQUEST		Get Tradable Asset Pairs	1653722297687	1653722297960	OK	 
REQUEST		Get Tradable Asset Pairs	1653722298384	1653722298424	OK	 
REQUEST		Get Tradable Asset Pairs	1653722298422	1653722298471	OK	 
REQUEST		Get Tradable Asset Pairs	1653722298765	1653722298789	OK	 
REQUEST		Get Tradable Asset Pairs	1653722299003	1653722299029	OK	 
REQUEST		Get Tradable Asset Pairs	1653722299482	1653722299703	OK	 
REQUEST		Get Tradable Asset Pairs	1653722299513	1653722299729	OK	 
REQUEST		Get Tradable Asset Pairs	1653722299790	1653722299838	OK	 
REQUEST		Get Tradable Asset Pairs	1653722300030	1653722300066	OK	 
REQUEST		Get Tradable Asset Pairs	1653722300739	1653722300773	OK	 
REQUEST		Get Tradable Asset Pairs	1653722300773	1653722300799	OK	 
REQUEST		Get Tradable Asset Pairs	1653722300893	1653722300920	OK	 
REQUEST		Get Tradable Asset Pairs	1653722301109	1653722301134	OK	 
REQUEST		Get Tradable Asset Pairs	1653722301774	1653722301979	OK	 
REQUEST		Get Tradable Asset Pairs	1653722301800	1653722302006	OK	 
REQUEST		Get Tradable Asset Pairs	1653722301921	1653722302167	OK	 
REQUEST		Get Tradable Asset Pairs	1653722302136	1653722302179	OK	 
REQUEST		Get Tradable Asset Pairs	1653722303015	1653722303039	OK	 
REQUEST		Get Tradable Asset Pairs	1653722303040	1653722303066	OK	 
REQUEST		Get Tradable Asset Pairs	1653722303211	1653722303241	OK	 
REQUEST		Get Tradable Asset Pairs	1653722303223	1653722303241	OK	 
REQUEST		Get Tradable Asset Pairs	1653722304040	1653722304253	OK	 
REQUEST		Get Tradable Asset Pairs	1653722304067	1653722304275	OK	 
REQUEST		Get Tradable Asset Pairs	1653722304243	1653722304280	OK	 
REQUEST		Get Tradable Asset Pairs	1653722304243	1653722304293	OK	 
REQUEST		Get Tradable Asset Pairs	1653722305275	1653722305305	OK	 
REQUEST		Get Tradable Asset Pairs	1653722305314	1653722305334	OK	 
REQUEST		Get Tradable Asset Pairs	1653722305324	1653722305347	OK	 
REQUEST		Get Tradable Asset Pairs	1653722305338	1653722305375	OK	 
REQUEST		Get Tradable Asset Pairs	1653722306307	1653722306528	OK	 
REQUEST		Get Tradable Asset Pairs	1653722306336	1653722306537	OK	 
REQUEST		Get Tradable Asset Pairs	1653722306348	1653722306551	OK	 
REQUEST		Get Tradable Asset Pairs	1653722306376	1653722306574	OK	 
REQUEST		Get Tradable Asset Pairs	1653722307667	1653722307690	OK	 
REQUEST		Get Tradable Asset Pairs	1653722307683	1653722307696	OK	 
REQUEST		Get Tradable Asset Pairs	1653722307682	1653722307714	OK	 
REQUEST		Get Tradable Asset Pairs	1653722307699	1653722307724	OK	 
REQUEST		Get Tradable Asset Pairs	1653722308691	1653722308917	OK	 
REQUEST		Get Tradable Asset Pairs	1653722308698	1653722308934	OK	 
REQUEST		Get Tradable Asset Pairs	1653722308715	1653722308938	OK	 
REQUEST		Get Tradable Asset Pairs	1653722308725	1653722308963	OK	 
REQUEST		Get Tradable Asset Pairs	1653722310027	1653722310047	OK	 
REQUEST		Get Tradable Asset Pairs	1653722310044	1653722310090	OK	 
REQUEST		Get Tradable Asset Pairs	1653722310051	1653722310090	OK	 
REQUEST		Get Tradable Asset Pairs	1653722310049	1653722310090	OK	 
REQUEST		Get Tradable Asset Pairs	1653722311048	1653722311092	OK	 
REQUEST		Get Tradable Asset Pairs	1653722311091	1653722311121	OK	 
REQUEST		Get Tradable Asset Pairs	1653722311091	1653722311129	OK	 
REQUEST		Get Tradable Asset Pairs	1653722311091	1653722311138	OK	 
REQUEST		Get Tradable Asset Pairs	1653722312112	1653722312136	OK	 
REQUEST		Get Tradable Asset Pairs	1653722312156	1653722312192	OK	 
REQUEST		Get Tradable Asset Pairs	1653722312194	1653722312212	OK	 
REQUEST		Get Tradable Asset Pairs	1653722312204	1653722312233	OK	 
REQUEST		Get Tradable Asset Pairs	1653722313137	1653722313358	OK	 
REQUEST		Get Tradable Asset Pairs	1653722313193	1653722313396	OK	 
REQUEST		Get Tradable Asset Pairs	1653722313234	1653722313451	OK	 
REQUEST		Get Tradable Asset Pairs	1653722313214	1653722313451	OK	 
REQUEST		Get Tradable Asset Pairs	1653722314480	1653722314508	OK	 
REQUEST		Get Tradable Asset Pairs	1653722314493	1653722314508	OK	 
REQUEST		Get Tradable Asset Pairs	1653722314493	1653722314519	OK	 
REQUEST		Get Tradable Asset Pairs	1653722314456	1653722314523	OK	 
REQUEST		Get Tradable Asset Pairs	1653722315509	1653722315731	OK	 
REQUEST		Get Tradable Asset Pairs	1653722315509	1653722315731	OK	 
REQUEST		Get Tradable Asset Pairs	1653722315524	1653722315790	OK	 
REQUEST		Get Tradable Asset Pairs	1653722315520	1653722315742	OK	 
REQUEST		Get Tradable Asset Pairs	1653722316879	1653722316904	OK	 
REQUEST		Get Tradable Asset Pairs	1653722316871	1653722316908	OK	 
REQUEST		Get Tradable Asset Pairs	1653722316865	1653722316916	OK	 
REQUEST		Get Tradable Asset Pairs	1653722316880	1653722316916	OK	 
REQUEST		Get Tradable Asset Pairs	1653722317909	1653722318159	OK	 
REQUEST		Get Tradable Asset Pairs	1653722317917	1653722318149	OK	 
REQUEST		Get Tradable Asset Pairs	1653722317917	1653722318154	OK	 
REQUEST		Get Tradable Asset Pairs	1653722317905	1653722318605	OK	 
REQUEST		Get Tradable Asset Pairs	1653722319268	1653722319287	OK	 
REQUEST		Get Tradable Asset Pairs	1653722319275	1653722319301	OK	 
REQUEST		Get Tradable Asset Pairs	1653722319278	1653722319301	OK	 
REQUEST		Get Tradable Asset Pairs	1653722319649	1653722319689	OK	 
REQUEST		Get Tradable Asset Pairs	1653722320288	1653722320311	OK	 
REQUEST		Get Tradable Asset Pairs	1653722320302	1653722320325	OK	 
REQUEST		Get Tradable Asset Pairs	1653722320302	1653722320329	OK	 
REQUEST		Get Tradable Asset Pairs	1653722320690	1653722321007	OK	 
REQUEST		Get Tradable Asset Pairs	1653722321312	1653722321345	OK	 
REQUEST		Get Tradable Asset Pairs	1653722321326	1653722321362	OK	 
REQUEST		Get Tradable Asset Pairs	1653722321330	1653722321395	OK	 
REQUEST		Get Tradable Asset Pairs	1653722322054	1653722322094	OK	 
REQUEST		Get Tradable Asset Pairs	1653722322407	1653722322642	OK	 
REQUEST		Get Tradable Asset Pairs	1653722322428	1653722322648	OK	 
REQUEST		Get Tradable Asset Pairs	1653722322439	1653722322669	OK	 
REQUEST		Get Tradable Asset Pairs	1653722323095	1653722323132	OK	 
REQUEST		Get Tradable Asset Pairs	1653722323681	1653722323710	OK	 
REQUEST		Get Tradable Asset Pairs	1653722323697	1653722323719	OK	 
REQUEST		Get Tradable Asset Pairs	1653722323712	1653722323729	OK	 
REQUEST		Get Tradable Asset Pairs	1653722324189	1653722324212	OK	 
REQUEST		Get Tradable Asset Pairs	1653722324711	1653722325000	OK	 
REQUEST		Get Tradable Asset Pairs	1653722324730	1653722325018	OK	 
REQUEST		Get Tradable Asset Pairs	1653722324720	1653722325018	OK	 
REQUEST		Get Tradable Asset Pairs	1653722325213	1653722325246	OK	 
REQUEST		Get Tradable Asset Pairs	1653722326030	1653722326055	OK	 
REQUEST		Get Tradable Asset Pairs	1653722326060	1653722326083	OK	 
REQUEST		Get Tradable Asset Pairs	1653722326060	1653722326087	OK	 
REQUEST		Get Tradable Asset Pairs	1653722326302	1653722326330	OK	 
REQUEST		Get Tradable Asset Pairs	1653722327056	1653722327345	OK	 
REQUEST		Get Tradable Asset Pairs	1653722327088	1653722327354	OK	 
REQUEST		Get Tradable Asset Pairs	1653722327084	1653722327364	OK	 
REQUEST		Get Tradable Asset Pairs	1653722327331	1653722327383	OK	 
REQUEST		Get Tradable Asset Pairs	1653722328372	1653722328389	OK	 
REQUEST		Get Tradable Asset Pairs	1653722328380	1653722328406	OK	 
REQUEST		Get Tradable Asset Pairs	1653722328426	1653722328681	OK	 
REQUEST		Get Tradable Asset Pairs	1653722328447	1653722328695	OK	 
REQUEST		Get Tradable Asset Pairs	1653722329390	1653722329451	OK	 
REQUEST		Get Tradable Asset Pairs	1653722329407	1653722329451	OK	 
REQUEST		Get Tradable Asset Pairs	1653722329733	1653722329760	OK	 
REQUEST		Get Tradable Asset Pairs	1653722329749	1653722329773	OK	 
REQUEST		Get Tradable Asset Pairs	1653722330493	1653722330729	OK	 
REQUEST		Get Tradable Asset Pairs	1653722330493	1653722330737	OK	 
REQUEST		Get Tradable Asset Pairs	1653722330761	1653722330804	OK	 
REQUEST		Get Tradable Asset Pairs	1653722330775	1653722330814	OK	 
